C:\USERS\DONG\DESKTOP\助教\LECTURE3\LECTURE3\3_2\DEBUG\3_2.OBJ
C:\USERS\DONG\DESKTOP\助教\LECTURE3\LECTURE3\3_2\DEBUG\VC110.PDB
C:\USERS\DONG\DESKTOP\助教\LECTURE3\LECTURE3\DEBUG\3_2.ILK
C:\USERS\DONG\DESKTOP\助教\LECTURE3\LECTURE3\DEBUG\3_2.EXE
C:\USERS\DONG\DESKTOP\助教\LECTURE3\LECTURE3\DEBUG\3_2.PDB
C:\Users\dong\Desktop\助教\Lecture3\Lecture3\3_2\Debug\3_2.obj
C:\Users\dong\Desktop\助教\Lecture3\Lecture3\3_2\Debug\cl.command.1.tlog
C:\Users\dong\Desktop\助教\Lecture3\Lecture3\3_2\Debug\CL.read.1.tlog
C:\Users\dong\Desktop\助教\Lecture3\Lecture3\3_2\Debug\CL.write.1.tlog
C:\Users\dong\Desktop\助教\Lecture3\Lecture3\3_2\Debug\link-cvtres.read.1.tlog
C:\Users\dong\Desktop\助教\Lecture3\Lecture3\3_2\Debug\link-cvtres.write.1.tlog
C:\Users\dong\Desktop\助教\Lecture3\Lecture3\3_2\Debug\link-rc.read.1.tlog
C:\Users\dong\Desktop\助教\Lecture3\Lecture3\3_2\Debug\link-rc.write.1.tlog
C:\Users\dong\Desktop\助教\Lecture3\Lecture3\3_2\Debug\link.command.1.tlog
C:\Users\dong\Desktop\助教\Lecture3\Lecture3\3_2\Debug\link.read.1.tlog
C:\Users\dong\Desktop\助教\Lecture3\Lecture3\3_2\Debug\link.write.1.tlog
C:\Users\dong\Desktop\助教\Lecture3\Lecture3\3_2\Debug\vc110.idb
C:\Users\dong\Desktop\助教\Lecture3\Lecture3\3_2\Debug\vc110.pdb
C:\Users\dong\Desktop\助教\Lecture3\Lecture3\Debug\3_2.pdb
C:\Users\dong\Desktop\助教\Lecture3\Lecture3\Debug\3_2.exe
C:\Users\dong\Desktop\助教\Lecture3\Lecture3\Debug\3_2.ilk
