C:\USERS\DONG\DESKTOP\助教\LECTURE3\LECTURE3\3_1\DEBUG\3_1.OBJ
C:\USERS\DONG\DESKTOP\助教\LECTURE3\LECTURE3\3_1\DEBUG\VC110.PDB
C:\USERS\DONG\DESKTOP\助教\LECTURE3\LECTURE3\DEBUG\3_1.ILK
C:\USERS\DONG\DESKTOP\助教\LECTURE3\LECTURE3\DEBUG\3_1.EXE
C:\USERS\DONG\DESKTOP\助教\LECTURE3\LECTURE3\DEBUG\3_1.PDB
C:\Users\dong\Desktop\助教\Lecture3\Lecture3\3_1\Debug\3_1.obj
C:\Users\dong\Desktop\助教\Lecture3\Lecture3\3_1\Debug\cl.command.1.tlog
C:\Users\dong\Desktop\助教\Lecture3\Lecture3\3_1\Debug\CL.read.1.tlog
C:\Users\dong\Desktop\助教\Lecture3\Lecture3\3_1\Debug\CL.write.1.tlog
C:\Users\dong\Desktop\助教\Lecture3\Lecture3\3_1\Debug\link-cvtres.read.1.tlog
C:\Users\dong\Desktop\助教\Lecture3\Lecture3\3_1\Debug\link-cvtres.write.1.tlog
C:\Users\dong\Desktop\助教\Lecture3\Lecture3\3_1\Debug\link-rc.read.1.tlog
C:\Users\dong\Desktop\助教\Lecture3\Lecture3\3_1\Debug\link-rc.write.1.tlog
C:\Users\dong\Desktop\助教\Lecture3\Lecture3\3_1\Debug\link.command.1.tlog
C:\Users\dong\Desktop\助教\Lecture3\Lecture3\3_1\Debug\link.read.1.tlog
C:\Users\dong\Desktop\助教\Lecture3\Lecture3\3_1\Debug\link.write.1.tlog
C:\Users\dong\Desktop\助教\Lecture3\Lecture3\3_1\Debug\vc110.idb
C:\Users\dong\Desktop\助教\Lecture3\Lecture3\3_1\Debug\vc110.pdb
C:\Users\dong\Desktop\助教\Lecture3\Lecture3\Debug\3_1.pdb
C:\Users\dong\Desktop\助教\Lecture3\Lecture3\Debug\3_1.exe
C:\Users\dong\Desktop\助教\Lecture3\Lecture3\Debug\3_1.ilk
